build/android/app/build/intermediates/manifest_merge_blame_file/debug/manifest-merger-blame-debug-report.txt
1<?xml version="1.0" encoding="utf-8"?>
2<manifest xmlns:android="http://schemas.android.com/apk/res/android"
3    package="com.codigomovil.textscroller"
4    android:versionCode="1"
5    android:versionName="1.0" >
6
7    <uses-sdk
8        android:minSdkVersion="21"
9        android:targetSdkVersion="30" />
10
11    <uses-permission android:name="android.permission.INTERNET" />
11-->src/main/AndroidManifest.xml:6:2-63
11-->src/main/AndroidManifest.xml:6:19-61
12    <uses-permission android:name="android.permission.ACCESS_WIFI_STATE" />
12-->src/main/AndroidManifest.xml:10:2-72
12-->src/main/AndroidManifest.xml:10:19-70
13    <uses-permission android:name="android.permission.ACCESS_NETWORK_STATE" />
13-->src/main/AndroidManifest.xml:14:2-75
13-->src/main/AndroidManifest.xml:14:19-73
14
15    <application
15-->src/main/AndroidManifest.xml:20:2-31:16
16        android:name="com.codigomovil.textscroller.TextScrollerApplication"
16-->src/main/AndroidManifest.xml:20:78-116
17        android:appComponentFactory="androidx.core.app.CoreComponentFactory"
17-->[androidx.core:core:1.3.2] AndroidManifest.xml:24:18-86
18        android:debuggable="true"
19        android:icon="@drawable/appicon"
19-->src/main/AndroidManifest.xml:20:15-47
20        android:label="text-scroller"
20-->src/main/AndroidManifest.xml:20:48-77
21        android:theme="@style/Theme.Titanium.App"
21-->src/main/AndroidManifest.xml:20:153-194
22        android:usesCleartextTraffic="true" >
22-->src/main/AndroidManifest.xml:20:117-152
23        <activity
24            android:name="com.codigomovil.textscroller.TextScrollerActivity"
25            android:alwaysRetainTaskState="true"
26            android:configChanges="density|fontScale|keyboard|keyboardHidden|layoutDirection|locale|mcc|mnc|navigation|orientation|screenLayout|screenSize|smallestScreenSize|touchscreen|uiMode"
27            android:label="@string/app_name"
28            android:theme="@style/Theme.Titanium" >
29            <intent-filter>
30                <action android:name="android.intent.action.MAIN" />
31
32                <category android:name="android.intent.category.LAUNCHER" />
33            </intent-filter>
34        </activity>
35        <activity
35-->[org.appcelerator:titanium:10.0.0] AndroidManifest.xml:12:9-14:197
36            android:name="org.appcelerator.titanium.TiActivity"
36-->[org.appcelerator:titanium:10.0.0] AndroidManifest.xml:13:13-64
37            android:configChanges="density|fontScale|keyboard|keyboardHidden|layoutDirection|locale|mcc|mnc|navigation|orientation|screenLayout|screenSize|smallestScreenSize|touchscreen|uiMode" />
37-->[org.appcelerator:titanium:10.0.0] AndroidManifest.xml:14:13-194
38        <activity
38-->[org.appcelerator:titanium:10.0.0] AndroidManifest.xml:15:9-18:67
39            android:name="org.appcelerator.titanium.TiTranslucentActivity"
39-->[org.appcelerator:titanium:10.0.0] AndroidManifest.xml:16:13-75
40            android:configChanges="density|fontScale|keyboard|keyboardHidden|layoutDirection|locale|mcc|mnc|navigation|orientation|screenLayout|screenSize|smallestScreenSize|touchscreen|uiMode"
40-->[org.appcelerator:titanium:10.0.0] AndroidManifest.xml:17:13-194
41            android:theme="@style/Theme.AppDerived.Translucent" />
41-->[org.appcelerator:titanium:10.0.0] AndroidManifest.xml:18:13-64
42        <activity
42-->[org.appcelerator:titanium:10.0.0] AndroidManifest.xml:19:9-22:69
43            android:name="ti.modules.titanium.media.TiCameraActivity"
43-->[org.appcelerator:titanium:10.0.0] AndroidManifest.xml:20:13-70
44            android:configChanges="density|fontScale|keyboard|keyboardHidden|layoutDirection|locale|mcc|mnc|navigation|orientation|screenLayout|screenSize|smallestScreenSize|touchscreen|uiMode"
44-->[org.appcelerator:titanium:10.0.0] AndroidManifest.xml:21:13-194
45            android:theme="@style/Theme.Titanium.Dark.Fullscreen" />
45-->[org.appcelerator:titanium:10.0.0] AndroidManifest.xml:22:13-66
46        <activity
46-->[org.appcelerator:titanium:10.0.0] AndroidManifest.xml:23:9-26:66
47            android:name="ti.modules.titanium.media.TiVideoActivity"
47-->[org.appcelerator:titanium:10.0.0] AndroidManifest.xml:24:13-69
48            android:configChanges="density|fontScale|keyboard|keyboardHidden|layoutDirection|locale|mcc|mnc|navigation|orientation|screenLayout|screenSize|smallestScreenSize|touchscreen|uiMode"
48-->[org.appcelerator:titanium:10.0.0] AndroidManifest.xml:25:13-194
49            android:theme="@style/Theme.AppDerived.Fullscreen" />
49-->[org.appcelerator:titanium:10.0.0] AndroidManifest.xml:26:13-63
50        <activity android:name="ti.modules.titanium.ui.android.TiPreferencesActivity" />
50-->[org.appcelerator:titanium:10.0.0] AndroidManifest.xml:27:9-89
50-->[org.appcelerator:titanium:10.0.0] AndroidManifest.xml:27:19-86
51
52        <provider
52-->[org.appcelerator:titanium:10.0.0] AndroidManifest.xml:29:9-33:50
53            android:name="org.appcelerator.titanium.io.TiFileProvider"
53-->[org.appcelerator:titanium:10.0.0] AndroidManifest.xml:30:13-71
54            android:authorities="com.codigomovil.textscroller.tifileprovider"
54-->[org.appcelerator:titanium:10.0.0] AndroidManifest.xml:31:13-66
55            android:exported="false"
55-->[org.appcelerator:titanium:10.0.0] AndroidManifest.xml:32:13-37
56            android:grantUriPermissions="true" />
56-->[org.appcelerator:titanium:10.0.0] AndroidManifest.xml:33:13-47
57
58        <service
58-->[org.appcelerator:titanium:10.0.0] AndroidManifest.xml:35:9-38:72
59            android:name="com.appcelerator.aps.APSAnalyticsService"
59-->[org.appcelerator:titanium:10.0.0] AndroidManifest.xml:36:13-68
60            android:exported="false"
60-->[org.appcelerator:titanium:10.0.0] AndroidManifest.xml:37:13-37
61            android:permission="android.permission.BIND_JOB_SERVICE" />
61-->[org.appcelerator:titanium:10.0.0] AndroidManifest.xml:38:13-69
62    </application>
63
64</manifest>